#
# There is insufficient memory for the Java Runtime Environment to continue.
# Native memory allocation (mmap) failed to map 130023424 bytes for Failed to commit area from 0x0000000084c00000 to 0x000000008c800000 of length 130023424.
# Possible reasons:
#   The system is out of physical RAM or swap space
#   The process is running with CompressedOops enabled, and the Java Heap may be blocking the growth of the native heap
# Possible solutions:
#   Reduce memory load on the system
#   Increase physical memory or swap space
#   Check if swap backing store is full
#   Decrease Java heap size (-Xmx/-Xms)
#   Decrease number of Java threads
#   Decrease Java thread stack sizes (-Xss)
#   Set larger code cache with -XX:ReservedCodeCacheSize=
# This output file may be truncated or incomplete.
#
#  Out of Memory Error (./src/hotspot/os/windows/os_windows.cpp:3619), pid=17572, tid=3352
#
# JRE version:  (11.0.13) (build )
# Java VM: OpenJDK 64-Bit Server VM (11.0.13+0-b1751.21-8125866, mixed mode, sharing, tiered, compressed oops, g1 gc, windows-amd64)
# No core dump will be written. Minidumps are not enabled by default on client versions of Windows
#

---------------  S U M M A R Y ------------

Command Line: git4idea.http.GitAskPassApp Username for 'https://github.com': 

Host: 11th Gen Intel(R) Core(TM) i7-11370H @ 3.30GHz, 8 cores, 7G,  Windows 11 , 64 bit Build 25267 (10.0.25267.1000)
Time: Wed Jan 11 20:39:44 2023 SE Asia Standard Time elapsed time: 2.046698 seconds (0d 0h 0m 2s)

---------------  T H R E A D  ---------------

Current thread (0x00000255746bc000):  JavaThread "Unknown thread" [_thread_in_vm, id=3352, stack(0x000000ca59d00000,0x000000ca59e00000)]

Stack: [0x000000ca59d00000,0x000000ca59e00000]
Native frames: (J=compiled Java code, j=interpreted, Vv=VM code, C=native code)
V  [jvm.dll+0x6100fa]
V  [jvm.dll+0x747090]
V  [jvm.dll+0x7486ad]
V  [jvm.dll+0x748d83]
V  [jvm.dll+0x24ab48]
V  [jvm.dll+0x60d164]
V  [jvm.dll+0x601e75]
V  [jvm.dll+0x308bdb]
V  [jvm.dll+0x308b4a]
V  [jvm.dll+0x308a22]
V  [jvm.dll+0x30d986]
V  [jvm.dll+0x357093]
V  [jvm.dll+0x357796]
V  [jvm.dll+0x357193]
V  [jvm.dll+0x2e3448]
V  [jvm.dll+0x2e45f7]
V  [jvm.dll+0x7242e7]
V  [jvm.dll+0x725adc]
V  [jvm.dll+0x364629]
V  [jvm.dll+0x707cee]
V  [jvm.dll+0x3d2633]
V  [jvm.dll+0x3d4a21]
C  [jli.dll+0x536b]
C  [ucrtbase.dll+0x2b11b]
C  [KERNEL32.DLL+0x13d2d]
C  [ntdll.dll+0x4d838]


---------------  P R O C E S S  ---------------

Threads class SMR info:
_java_thread_list=0x00000255724746b0, length=0, elements={
}

Java Threads: ( => current thread )

Other Threads:
  0x00000255746d3800 GCTaskThread "GC Thread#0" [stack: 0x000000ca59e00000,0x000000ca59f00000] [id=2300]
  0x0000025574706000 ConcurrentGCThread "G1 Main Marker" [stack: 0x000000ca59f00000,0x000000ca5a000000] [id=10456]
  0x000002557470e800 ConcurrentGCThread "G1 Conc#0" [stack: 0x000000ca5a000000,0x000000ca5a100000] [id=6832]

[error occurred during error reporting (printing all threads), id 0xc0000005, EXCEPTION_ACCESS_VIOLATION (0xc0000005) at pc=0x00007ffde1e63dd7]

VM state:not at safepoint (not fully initialized)

VM Mutex/Monitor currently owned by a thread:  ([mutex/lock_event])
[0x00000255746b9550] Heap_lock - owner thread: 0x00000255746bc000

Heap address: 0x0000000084c00000, size: 1972 MB, Compressed Oops mode: Non-zero based: 0x0000000084c00000
Narrow klass base: 0x0000000000000000, Narrow klass shift: 0

GC Heap History (0 events):
No events

Deoptimization events (0 events):
No events

Classes redefined (0 events):
No events

Internal exceptions (0 events):
No events

Events (1 events):
Event: 0.011 Loaded shared library C:\Program Files\Android\Android Studio\jre\bin\zip.dll


Dynamic libraries:
0x00007ff66f2e0000 - 0x00007ff66f2ea000 	C:\Program Files\Android\Android Studio\jre\bin\java.exe
0x00007ffe632f0000 - 0x00007ffe63505000 	C:\WINDOWS\SYSTEM32\ntdll.dll
0x00007ffe618c0000 - 0x00007ffe61985000 	C:\WINDOWS\System32\KERNEL32.DLL
0x00007ffe60800000 - 0x00007ffe60b9d000 	C:\WINDOWS\System32\KERNELBASE.dll
0x00007ffe60c40000 - 0x00007ffe60d55000 	C:\WINDOWS\System32\ucrtbase.dll
0x00007ffe57d90000 - 0x00007ffe57da9000 	C:\Program Files\Android\Android Studio\jre\bin\jli.dll
0x00007ffe57d70000 - 0x00007ffe57d87000 	C:\Program Files\Android\Android Studio\jre\bin\VCRUNTIME140.dll
0x00007ffe61230000 - 0x00007ffe613e0000 	C:\WINDOWS\System32\USER32.dll
0x00007ffe45530000 - 0x00007ffe457c2000 	C:\WINDOWS\WinSxS\amd64_microsoft.windows.common-controls_6595b64144ccf1df_6.0.25267.1000_none_7aa5b59bf34adbaf\COMCTL32.dll
0x00007ffe60690000 - 0x00007ffe606b6000 	C:\WINDOWS\System32\win32u.dll
0x00007ffe61730000 - 0x00007ffe617d7000 	C:\WINDOWS\System32\msvcrt.dll
0x00007ffe61090000 - 0x00007ffe610b8000 	C:\WINDOWS\System32\GDI32.dll
0x00007ffe60ee0000 - 0x00007ffe60ff9000 	C:\WINDOWS\System32\gdi32full.dll
0x00007ffe60ba0000 - 0x00007ffe60c39000 	C:\WINDOWS\System32\msvcp_win.dll
0x00007ffe62c00000 - 0x00007ffe62c30000 	C:\WINDOWS\System32\IMM32.DLL
0x00007ffe4ff30000 - 0x00007ffe4ffcd000 	C:\Program Files\Android\Android Studio\jre\bin\msvcp140.dll
0x00007ffde1b70000 - 0x00007ffde2672000 	C:\Program Files\Android\Android Studio\jre\bin\server\jvm.dll
0x00007ffe61df0000 - 0x00007ffe61e9e000 	C:\WINDOWS\System32\ADVAPI32.dll
0x00007ffe61a20000 - 0x00007ffe61ac6000 	C:\WINDOWS\System32\sechost.dll
0x00007ffe61b50000 - 0x00007ffe61c79000 	C:\WINDOWS\System32\RPCRT4.dll
0x00007ffe613f0000 - 0x00007ffe613f8000 	C:\WINDOWS\System32\PSAPI.DLL
0x00007ffe3c1a0000 - 0x00007ffe3c1a9000 	C:\WINDOWS\SYSTEM32\WSOCK32.dll
0x00007ffe61d70000 - 0x00007ffe61ddf000 	C:\WINDOWS\System32\WS2_32.dll
0x00007ffe46c10000 - 0x00007ffe46c45000 	C:\WINDOWS\SYSTEM32\WINMM.dll
0x00007ffe52ff0000 - 0x00007ffe52ffa000 	C:\WINDOWS\SYSTEM32\VERSION.dll
0x00007ffe5f750000 - 0x00007ffe5f768000 	C:\WINDOWS\SYSTEM32\kernel.appcore.dll
0x00007ffe56dd0000 - 0x00007ffe56de1000 	C:\Program Files\Android\Android Studio\jre\bin\verify.dll
0x00007ffe5d9a0000 - 0x00007ffe5dbd2000 	C:\WINDOWS\SYSTEM32\DBGHELP.DLL
0x00007ffe62de0000 - 0x00007ffe63164000 	C:\WINDOWS\System32\combase.dll
0x00007ffe61ea0000 - 0x00007ffe61f78000 	C:\WINDOWS\System32\OLEAUT32.dll
0x00007ffe1a9d0000 - 0x00007ffe1aa02000 	C:\WINDOWS\SYSTEM32\dbgcore.DLL
0x00007ffe61000000 - 0x00007ffe61084000 	C:\WINDOWS\System32\bcryptPrimitives.dll
0x00007ffe52670000 - 0x00007ffe52699000 	C:\Program Files\Android\Android Studio\jre\bin\java.dll
0x00007ffe54750000 - 0x00007ffe5475b000 	C:\Program Files\Android\Android Studio\jre\bin\jimage.dll
0x00007ffe53080000 - 0x00007ffe53098000 	C:\Program Files\Android\Android Studio\jre\bin\zip.dll

dbghelp: loaded successfully - version: 4.0.5 - missing functions: none
symbol engine: initialized successfully - sym options: 0x614 - pdb path: .;C:\Program Files\Android\Android Studio\jre\bin;C:\WINDOWS\SYSTEM32;C:\WINDOWS\WinSxS\amd64_microsoft.windows.common-controls_6595b64144ccf1df_6.0.25267.1000_none_7aa5b59bf34adbaf;C:\Program Files\Android\Android Studio\jre\bin\server

VM Arguments:
java_command: git4idea.http.GitAskPassApp Username for 'https://github.com': 
java_class_path (initial): C:/Program Files/Android/Android Studio/plugins/git4idea/lib/git4idea-rt.jar;C:/Program Files/Android/Android Studio/lib/3rd-party.jar;C:/Program Files/Android/Android Studio/lib/3rd-party-rt.jar
Launcher Type: SUN_STANDARD

[Global flags]
     intx CICompilerCount                          = 4                                         {product} {ergonomic}
     uint ConcGCThreads                            = 2                                         {product} {ergonomic}
     uint G1ConcRefinementThreads                  = 8                                         {product} {ergonomic}
   size_t G1HeapRegionSize                         = 1048576                                   {product} {ergonomic}
    uintx GCDrainStackTargetSize                   = 64                                        {product} {ergonomic}
   size_t InitialHeapSize                          = 130023424                                 {product} {ergonomic}
   size_t MarkStackSize                            = 4194304                                   {product} {ergonomic}
   size_t MaxHeapSize                              = 2067791872                                {product} {ergonomic}
   size_t MinHeapDeltaBytes                        = 1048576                                   {product} {ergonomic}
    uintx NonNMethodCodeHeapSize                   = 5836300                                {pd product} {ergonomic}
    uintx NonProfiledCodeHeapSize                  = 122910970                              {pd product} {ergonomic}
    uintx ProfiledCodeHeapSize                     = 122910970                              {pd product} {ergonomic}
    uintx ReservedCodeCacheSize                    = 251658240                              {pd product} {ergonomic}
     bool SegmentedCodeCache                       = true                                      {product} {ergonomic}
     bool UseCompressedClassPointers               = true                                 {lp64_product} {ergonomic}
     bool UseCompressedOops                        = true                                 {lp64_product} {ergonomic}
     bool UseG1GC                                  = true                                      {product} {ergonomic}
     bool UseLargePagesIndividualAllocation        = false                                  {pd product} {ergonomic}

Logging:
Log output configuration:
 #0: stdout all=warning uptime,level,tags
 #1: stderr all=off uptime,level,tags

Environment Variables:
PATH=C:\Program Files\Git\mingw64\libexec\git-core;C:\Program Files\Git\mingw64\libexec\git-core;C:\Program Files\Git\mingw64\bin;C:\Program Files\Git\usr\bin;C:\Users\ADMIN\bin;C:\Program Files (x86)\VMware\VMware Workstation\bin;C:\Windows\system32;C:\Windows;C:\Windows\System32\Wbem;C:\Windows\System32\WindowsPowerShell\v1.0;C:\Windows\System32\OpenSSH;C:\Program Files (x86)\NVIDIA Corporation\PhysX\Common;C:\Program Files\NVIDIA Corporation\NVIDIA NvDLISR;C:\WINDOWS\system32;C:\WINDOWS;C:\WINDOWS\System32\Wbem;C:\WINDOWS\System32\WindowsPowerShell\v1.0;C:\WINDOWS\System32\OpenSSH;C:\Program Files\dotnet;C:\WINDOWS\system32;C:\WINDOWS;C:\WINDOWS\System32\Wbem;C:\WINDOWS\System32\WindowsPowerShell\v1.0;C:\WINDOWS\System32\OpenSSH;C:\Program Files\Azure Data Studio\bin;C:\Program Files\Git\cmd;C:\Users\ADMIN\AppData\Local\Microsoft\WindowsApps;C:\Users\ADMIN\.dotnet\tools;C:\Program Files\Azure Data Studio\bin
USERNAME=ADMIN
DISPLAY=:0.0
LC_ALL=en_US.UTF-8
OS=Windows_NT
PROCESSOR_IDENTIFIER=Intel64 Family 6 Model 140 Stepping 1, GenuineIntel



---------------  S Y S T E M  ---------------

OS: Windows 11 , 64 bit Build 25267 (10.0.25267.1000)
OS uptime: 0 days 12:39 hours
Hyper-V role detected

CPU:total 8 (initial active 8) (4 cores per cpu, 2 threads per core) family 6 model 140 stepping 1 microcode 0x86, cmov, cx8, fxsr, mmx, sse, sse2, sse3, ssse3, sse4.1, sse4.2, popcnt, avx, avx2, aes, clmul, erms, 3dnowpref, lzcnt, ht, tsc, tscinvbit, bmi1, bmi2, adx, evex, sha, fma

Memory: 4k page, system-wide physical 7883M (360M free)
TotalPageFile size 11979M (AvailPageFile size 6M)
current process WorkingSet (physical memory assigned to process): 11M, peak: 11M
current process commit charge ("private bytes"): 60M, peak: 184M

vm_info: OpenJDK 64-Bit Server VM (11.0.13+0-b1751.21-8125866) for windows-amd64 JRE (11.0.13+0-b1751.21-8125866), built on Feb  2 2022 03:00:22 by "builder" with MS VC++ 14.0 (VS2015)

END.
